C51 COMPILER V9.60.0.0   EEPROM                                                            06/29/2020 19:15:05 PAGE 1   


C51 COMPILER V9.60.0.0, COMPILATION OF MODULE EEPROM
OBJECT MODULE PLACED IN .\Objects\eeprom.obj
COMPILER INVOKED BY: C:\Keil_v5\C51\BIN\C51.EXE eeprom.c OPTIMIZE(8,SPEED) BROWSE DEBUG OBJECTEXTEND PRINT(.\Listings\ee
                    -prom.lst) TABS(2) OBJECT(.\Objects\eeprom.obj)

line level    source

   1          #include "eeprom.h"
   2          #include "i2c.h"
   3          #include "delay.h"
   4          
   5          #define EEPROM_ID 0xA0
   6          
   7          void eeprom_write_byte(unsigned char address, unsigned char eeprom_data){
   8   1        i2c_start();
   9   1          i2c_write(EEPROM_ID);
  10   1        i2c_ack();
  11   1          i2c_write(address);
  12   1        i2c_ack();
  13   1          i2c_write(eeprom_data);
  14   1        i2c_ack();
  15   1          i2c_stop();
  16   1        delay(6);
  17   1      }
  18          
  19          void eeprom_write_string(unsigned char* string_ptr, unsigned char address) {
  20   1        unsigned char temp;
  21   1        unsigned char i=0;
  22   1        
  23   1        do {
  24   2          temp = string_ptr[i];
  25   2          eeprom_write_byte(address, temp);
  26   2          address++; i++;
  27   2        } while(temp != '\0');
  28   1      }
  29          
  30          unsigned char eeprom_read_byte(unsigned char address) {
  31   1        unsigned char eeprom_data;
  32   1        i2c_start();
  33   1          i2c_write(EEPROM_ID);
  34   1        i2c_ack();
  35   1          i2c_write(address);
  36   1        i2c_ack();
  37   1          
  38   1        i2c_start();
  39   1        i2c_write(EEPROM_ID | 0x01);
  40   1          i2c_ack();
  41   1        eeprom_data = i2c_read();
  42   1          i2c_no_ack();
  43   1          i2c_stop();
  44   1        delay(4);
  45   1        
  46   1        return eeprom_data;
  47   1        
  48   1      }


MODULE INFORMATION:   STATIC OVERLAYABLE
   CODE SIZE        =    137    ----
   CONSTANT SIZE    =   ----    ----
   XDATA SIZE       =   ----    ----
C51 COMPILER V9.60.0.0   EEPROM                                                            06/29/2020 19:15:05 PAGE 2   

   PDATA SIZE       =   ----    ----
   DATA SIZE        =   ----      10
   IDATA SIZE       =   ----    ----
   BIT SIZE         =   ----    ----
END OF MODULE INFORMATION.


C51 COMPILATION COMPLETE.  0 WARNING(S),  0 ERROR(S)
